<?xml version="1.0" encoding="UTF-8"?>
<!-- Generated by org.testng.reporters.JUnitXMLReporter -->
<testsuite ignored="0" hostname="LAPTOP-CGNFVRLF" failures="1" tests="2" name="Surefire test" time="18.472" errors="0" timestamp="2025-06-09T11:07:28 CEST">
  <testcase classname="io.cucumber.testng.AbstractTestNGCucumberTests" name="runScenario" time="8.128">
    <failure type="org.openqa.selenium.ElementClickInterceptedException" message="Element &amp;lt;div id=&amp;quot;w-dropdown-toggle-7&amp;quot; class=&amp;quot;fs-select_toggle-5 w-dropdown-toggle&amp;quot;&amp;gt; is not clickable at point (721,920) because another element &amp;lt;div class=&amp;quot;termly-styles-root-b0aebb termly-styles-termly-banner-e1ed59 termly-styles-standard-b726f8 termly-styles-bottom-d26761 t-consentPrompt&amp;quot;&amp;gt; obscures it
Build info: version: &amp;apos;4.30.0&amp;apos;, revision: &amp;apos;509c7f17cc*&amp;apos;
System info: os.name: &amp;apos;Windows 10&amp;apos;, os.arch: &amp;apos;amd64&amp;apos;, os.version: &amp;apos;10.0&amp;apos;, java.version: &amp;apos;21.0.7&amp;apos;
Driver info: org.openqa.selenium.firefox.FirefoxDriver
Command: [4c9ed2de-1e79-4a95-b073-736496b50e4f, clickElement {id=188e1b74-1936-49e7-93ad-bf0d65c52961}]
Capabilities {acceptInsecureCerts: true, browserName: firefox, browserVersion: 139.0.1, moz:accessibilityChecks: false, moz:buildID: 20250529122813, moz:geckodriverVersion: 0.36.0, moz:headless: false, moz:platformVersion: 10.0, moz:processID: 6648, moz:profile: C:\Users\jacks\AppData\Loca..., moz:shutdownTimeout: 60000, moz:webdriverClick: true, moz:windowless: false, pageLoadStrategy: normal, platformName: windows, proxy: Proxy(), setWindowRect: true, strictFileInteractability: false, timeouts: {implicit: 0, pageLoad: 300000, script: 30000}, unhandledPromptBehavior: dismiss and notify, userAgent: Mozilla/5.0 (Windows NT 10....}
Element: [[FirefoxDriver: firefox on windows (4c9ed2de-1e79-4a95-b073-736496b50e4f)] -&amp;gt; id: w-dropdown-toggle-7]
Session ID: 4c9ed2de-1e79-4a95-b073-736496b50e4f">
      <![CDATA[org.openqa.selenium.ElementClickInterceptedException: Element <div id="w-dropdown-toggle-7" class="fs-select_toggle-5 w-dropdown-toggle"> is not clickable at point (721,920) because another element <div class="termly-styles-root-b0aebb termly-styles-termly-banner-e1ed59 termly-styles-standard-b726f8 termly-styles-bottom-d26761 t-consentPrompt"> obscures it
Build info: version: '4.30.0', revision: '509c7f17cc*'
System info: os.name: 'Windows 10', os.arch: 'amd64', os.version: '10.0', java.version: '21.0.7'
Driver info: org.openqa.selenium.firefox.FirefoxDriver
Command: [4c9ed2de-1e79-4a95-b073-736496b50e4f, clickElement {id=188e1b74-1936-49e7-93ad-bf0d65c52961}]
Capabilities {acceptInsecureCerts: true, browserName: firefox, browserVersion: 139.0.1, moz:accessibilityChecks: false, moz:buildID: 20250529122813, moz:geckodriverVersion: 0.36.0, moz:headless: false, moz:platformVersion: 10.0, moz:processID: 6648, moz:profile: C:\Users\jacks\AppData\Loca..., moz:shutdownTimeout: 60000, moz:webdriverClick: true, moz:windowless: false, pageLoadStrategy: normal, platformName: windows, proxy: Proxy(), setWindowRect: true, strictFileInteractability: false, timeouts: {implicit: 0, pageLoad: 300000, script: 30000}, unhandledPromptBehavior: dismiss and notify, userAgent: Mozilla/5.0 (Windows NT 10....}
Element: [[FirefoxDriver: firefox on windows (4c9ed2de-1e79-4a95-b073-736496b50e4f)] -> id: w-dropdown-toggle-7]
Session ID: 4c9ed2de-1e79-4a95-b073-736496b50e4f
at org.openqa.selenium.remote.ErrorCodec.decode(ErrorCodec.java:167)
at org.openqa.selenium.remote.codec.w3c.W3CHttpResponseCodec.decode(W3CHttpResponseCodec.java:138)
at org.openqa.selenium.remote.codec.w3c.W3CHttpResponseCodec.decode(W3CHttpResponseCodec.java:50)
at org.openqa.selenium.remote.HttpCommandExecutor.execute(HttpCommandExecutor.java:215)
at org.openqa.selenium.remote.service.DriverCommandExecutor.invokeExecute(DriverCommandExecutor.java:216)
at org.openqa.selenium.remote.service.DriverCommandExecutor.execute(DriverCommandExecutor.java:174)
at org.openqa.selenium.remote.RemoteWebDriver.execute(RemoteWebDriver.java:545)
at org.openqa.selenium.remote.RemoteWebElement.execute(RemoteWebElement.java:223)
at org.openqa.selenium.remote.RemoteWebElement.click(RemoteWebElement.java:76)
at com.example.pages.ContactPage.selectTradingVolumeOneToTenMilLion(ContactPage.java:69)
at com.example.steps.ContactFormSteps.selectVolume(ContactFormSteps.java:72)
at âœ½.the user selects "$1m-$10m" from the trading volume dropdown(file:///C:/Users/jacks/NewAutomatedTestsB2C2/src/test/resources/features/contact_form.feature:12)
... Removed 3 stack frames]]>
    </failure>
  </testcase> <!-- runScenario -->
  <testcase classname="io.cucumber.testng.AbstractTestNGCucumberTests" name="runScenario" time="9.715"/>
</testsuite> <!-- Surefire test -->
