<?xml version="1.0" encoding="UTF-8"?>
<!-- Generated by org.testng.reporters.JUnitXMLReporter -->
<testsuite ignored="0" hostname="LAPTOP-CGNFVRLF" failures="0" tests="2" name="ContactPageTestChrome" time="20.302" errors="0" timestamp="2025-06-09T11:28:33 CEST">
  <testcase classname="com.example.tests.ContactPageTests" name="testContactForm" time="5.77"/>
  <testcase classname="com.example.tests.ContactPageTests" name="testContactForm" time="5.986"/>
</testsuite> <!-- ContactPageTestChrome -->
