<?xml version="1.0" encoding="UTF-8"?>
<!-- Generated by org.testng.reporters.JUnitXMLReporter -->
<testsuite ignored="0" hostname="LAPTOP-CGNFVRLF" failures="0" tests="2" name="CucumberTests" time="22.103" errors="0" timestamp="2025-06-09T11:28:55 CEST">
  <testcase classname="io.cucumber.testng.AbstractTestNGCucumberTests" name="runScenario" time="10.623"/>
  <testcase classname="io.cucumber.testng.AbstractTestNGCucumberTests" name="runScenario" time="10.902"/>
</testsuite> <!-- CucumberTests -->
