<?xml version="1.0" encoding="UTF-8"?>
<testsuite xmlns:xsi="http://www.w3.org/2001/XMLSchema-instance" xsi:noNamespaceSchemaLocation="https://maven.apache.org/surefire/maven-surefire-plugin/xsd/surefire-test-report.xsd" version="3.0.2" name="TestSuite" time="50.747" tests="5" errors="0" skipped="0" failures="0">
  <properties>
[...]
</properties>
  <testcase name="isB2C2Displayed" classname="com.example.tests.HomePageTests" time="2.655">
    <system-err><![CDATA[[TestNG-tests-1] INFO com.example.tests.BaseTests - 🔧 Test setup starting for browser: firefox, headless: false
[TestNG-tests-1] INFO io.github.bonigarcia.wdm.WebDriverManager - Using geckodriver 0.36.0 (resolved driver for Firefox 139)
[TestNG-tests-1] INFO io.github.bonigarcia.wdm.WebDriverManager - Exporting webdriver.gecko.driver as C:\Users\jacks\.cache\selenium\geckodriver\win64\0.36.0\geckodriver.exe
[TestNG-tests-1] INFO com.example.tests.BaseTests - ✅ WebDriver setup completed.
[TestNG-tests-1] INFO com.example.tests.HomePageTests - 🌐 Opening B2C2.com website.
[TestNG-tests-1] INFO com.example.tests.HomePageTests - Accept Cookie button
[TestNG-tests-1] INFO com.example.tests.HomePageTests - 🌐 Checking if Home Page Displayed
]]></system-err>
  </testcase>
  <testcase name="testContactForm[John Smith, john@b2c2.com, B2C2 Ltd., Trader, Looking forward to onboarding.](1)" classname="com.example.tests.ContactPageTests" time="5.768">
    <system-err><![CDATA[[TestNG-tests-1] INFO com.example.tests.BaseTests - 🛑 Executing teardown phase.
[TestNG-tests-1] INFO com.example.tests.BaseTests - ✅ WebDriver closed.
[TestNG-tests-1] INFO com.example.tests.BaseTests - 🔧 Test setup starting for browser: firefox, headless: false
[TestNG-tests-1] INFO io.github.bonigarcia.wdm.WebDriverManager - Using geckodriver 0.36.0 (resolved driver for Firefox 139)
[TestNG-tests-1] INFO io.github.bonigarcia.wdm.WebDriverManager - Exporting webdriver.gecko.driver as C:\Users\jacks\.cache\selenium\geckodriver\win64\0.36.0\geckodriver.exe
[TestNG-tests-1] INFO com.example.tests.BaseTests - ✅ WebDriver setup completed.
[TestNG-tests-1] INFO com.example.tests.ContactPageTests - 🌐 Opening Contact Us page.
[TestNG-tests-1] INFO com.example.tests.ContactPageTests - 🔘 Accepting cookie banner if present.
[TestNG-tests-1] INFO com.example.tests.ContactPageTests - 📥 Filling out contact form.
[TestNG-tests-1] INFO com.example.tests.ContactPageTests - 🚀 Submitting the form.
]]></system-err>
  </testcase>
  <testcase name="testContactForm[Alice Novak, alice@cryptox.com, CryptoX, Analyst, Please contact me with API details.](2)" classname="com.example.tests.ContactPageTests" time="5.986">
    <system-err><![CDATA[[TestNG-tests-1] INFO com.example.tests.BaseTests - 🛑 Executing teardown phase.
[TestNG-tests-1] INFO com.example.tests.BaseTests - ✅ WebDriver closed.
[TestNG-tests-1] INFO com.example.tests.BaseTests - 🔧 Test setup starting for browser: firefox, headless: false
[TestNG-tests-1] INFO io.github.bonigarcia.wdm.WebDriverManager - Using geckodriver 0.36.0 (resolved driver for Firefox 139)
[TestNG-tests-1] INFO io.github.bonigarcia.wdm.WebDriverManager - Exporting webdriver.gecko.driver as C:\Users\jacks\.cache\selenium\geckodriver\win64\0.36.0\geckodriver.exe
[TestNG-tests-1] INFO com.example.tests.BaseTests - ✅ WebDriver setup completed.
[TestNG-tests-1] INFO com.example.tests.ContactPageTests - 🌐 Opening Contact Us page.
[TestNG-tests-1] INFO com.example.tests.ContactPageTests - 🔘 Accepting cookie banner if present.
[TestNG-tests-1] INFO com.example.tests.ContactPageTests - 📥 Filling out contact form.
[TestNG-tests-1] INFO com.example.tests.ContactPageTests - 🚀 Submitting the form.
]]></system-err>
  </testcase>
  <testcase name="runScenario[&quot;Submit contact form with valid data&quot;, &quot;Contact US form submission&quot;](1)" classname="com.example.runner.CucumberTestRunner" time="10.622">
    <system-out><![CDATA[
Scenario Outline: Submit contact form with valid data              # src/test/resources/features/contact_form.feature:19
  Given the user opens the Contact Us page                         # com.example.steps.ContactFormSteps.openContactPage()
  And the user accept cookies if present                           # com.example.steps.ContactFormSteps.acceptCookiesIfPresent()
  When the user selects "Onboarding" from the team dropdown        # com.example.steps.ContactFormSteps.selectTeam(java.lang.String)
  And the user enters name "John Smith"                            # com.example.steps.ContactFormSteps.enterName(java.lang.String)
  And the user enters email "john@example.com"                     # com.example.steps.ContactFormSteps.enterEmail(java.lang.String)
  And the user selects "Exchange" from the organization dropdown   # com.example.steps.ContactFormSteps.selectOrganization(java.lang.String)
  And the user enters company name "Acme Corp"                     # com.example.steps.ContactFormSteps.enterCompany(java.lang.String)
  And the user enters position "Manager"                           # com.example.steps.ContactFormSteps.enterPosition(java.lang.String)
  And the user selects "$1m-$10m" from the trading volume dropdown # com.example.steps.ContactFormSteps.selectVolume(java.lang.String)
  And the user enters message "Let's talk business"                # com.example.steps.ContactFormSteps.enterMessage(java.lang.String)
  And the user submits the form                                    # com.example.steps.ContactFormSteps.submitForm()
  Then the form should be submitted or blocked by captcha          # com.example.steps.ContactFormSteps.verifySubmissionOrCaptcha()
]]></system-out>
    <system-err><![CDATA[[TestNG-tests-1] INFO com.example.tests.BaseTests - 🛑 Executing teardown phase.
[TestNG-tests-1] INFO com.example.tests.BaseTests - ✅ WebDriver closed.
[TestNG-tests-1] INFO io.github.bonigarcia.wdm.WebDriverManager - Using geckodriver 0.36.0 (resolved driver for Firefox 139)
[TestNG-tests-1] INFO io.github.bonigarcia.wdm.WebDriverManager - Exporting webdriver.gecko.driver as C:\Users\jacks\.cache\selenium\geckodriver\win64\0.36.0\geckodriver.exe
[TestNG-tests-1] INFO com.example.steps.ContactFormSteps - 🌐 Opening Contact Us page
[TestNG-tests-1] INFO com.example.steps.ContactFormSteps - 🔘 Accepting cookies if present
[TestNG-tests-1] INFO com.example.steps.ContactFormSteps - 📂 Selecting team: Onboarding
[TestNG-tests-1] INFO com.example.steps.ContactFormSteps - ✏️ Entering name: John Smith
[TestNG-tests-1] INFO com.example.steps.ContactFormSteps - ✉️ Entering email: john@example.com
[TestNG-tests-1] INFO com.example.steps.ContactFormSteps - 🏢 Selecting organization type: Exchange
[TestNG-tests-1] INFO com.example.steps.ContactFormSteps - 🏭 Entering company: Acme Corp
[TestNG-tests-1] INFO com.example.steps.ContactFormSteps - 📌 Entering position: Manager
[TestNG-tests-1] INFO com.example.steps.ContactFormSteps - 💰 Selecting trading volume: $1m-$10m
[TestNG-tests-1] INFO com.example.steps.ContactFormSteps - 📝 Entering message: Let's talk business
[TestNG-tests-1] INFO com.example.steps.ContactFormSteps - 🚀 Submitting the form
[TestNG-tests-1] INFO com.example.steps.ContactFormSteps - 🔎 Final step reached. Submission likely complete or blocked by CAPTCHA.
]]></system-err>
  </testcase>
  <testcase name="runScenario[&quot;Submit contact form with valid data&quot;, &quot;Contact US form submission&quot;](2)" classname="com.example.runner.CucumberTestRunner" time="10.899">
    <system-out><![CDATA[
Scenario Outline: Submit contact form with valid data              # src/test/resources/features/contact_form.feature:20
  Given the user opens the Contact Us page                         # com.example.steps.ContactFormSteps.openContactPage()
  And the user accept cookies if present                           # com.example.steps.ContactFormSteps.acceptCookiesIfPresent()
  When the user selects "Onboarding" from the team dropdown        # com.example.steps.ContactFormSteps.selectTeam(java.lang.String)
  And the user enters name "Alice Novak"                           # com.example.steps.ContactFormSteps.enterName(java.lang.String)
  And the user enters email "alice@example.org"                    # com.example.steps.ContactFormSteps.enterEmail(java.lang.String)
  And the user selects "Exchange" from the organization dropdown   # com.example.steps.ContactFormSteps.selectOrganization(java.lang.String)
  And the user enters company name "Beta Ltd"                      # com.example.steps.ContactFormSteps.enterCompany(java.lang.String)
  And the user enters position "Developer"                         # com.example.steps.ContactFormSteps.enterPosition(java.lang.String)
  And the user selects "$1m-$10m" from the trading volume dropdown # com.example.steps.ContactFormSteps.selectVolume(java.lang.String)
  And the user enters message "Interested in B2C2"                 # com.example.steps.ContactFormSteps.enterMessage(java.lang.String)
  And the user submits the form                                    # com.example.steps.ContactFormSteps.submitForm()
  Then the form should be submitted or blocked by captcha          # com.example.steps.ContactFormSteps.verifySubmissionOrCaptcha()
]]></system-out>
    <system-err><![CDATA[[TestNG-tests-1] INFO io.github.bonigarcia.wdm.WebDriverManager - Using geckodriver 0.36.0 (resolved driver for Firefox 139)
[TestNG-tests-1] INFO io.github.bonigarcia.wdm.WebDriverManager - Exporting webdriver.gecko.driver as C:\Users\jacks\.cache\selenium\geckodriver\win64\0.36.0\geckodriver.exe
[TestNG-tests-1] INFO com.example.steps.ContactFormSteps - 🌐 Opening Contact Us page
[TestNG-tests-1] INFO com.example.steps.ContactFormSteps - 🔘 Accepting cookies if present
[TestNG-tests-1] INFO com.example.steps.ContactFormSteps - 📂 Selecting team: Onboarding
[TestNG-tests-1] INFO com.example.steps.ContactFormSteps - ✏️ Entering name: Alice Novak
[TestNG-tests-1] INFO com.example.steps.ContactFormSteps - ✉️ Entering email: alice@example.org
[TestNG-tests-1] INFO com.example.steps.ContactFormSteps - 🏢 Selecting organization type: Exchange
[TestNG-tests-1] INFO com.example.steps.ContactFormSteps - 🏭 Entering company: Beta Ltd
[TestNG-tests-1] INFO com.example.steps.ContactFormSteps - 📌 Entering position: Developer
[TestNG-tests-1] INFO com.example.steps.ContactFormSteps - 💰 Selecting trading volume: $1m-$10m
[TestNG-tests-1] INFO com.example.steps.ContactFormSteps - 📝 Entering message: Interested in B2C2
[TestNG-tests-1] INFO com.example.steps.ContactFormSteps - 🚀 Submitting the form
[TestNG-tests-1] INFO com.example.steps.ContactFormSteps - 🔎 Final step reached. Submission likely complete or blocked by CAPTCHA.
]]></system-err>
  </testcase>
</testsuite>