<?xml version="1.0" encoding="UTF-8"?>
<testsuite xmlns:xsi="http://www.w3.org/2001/XMLSchema-instance" xsi:noNamespaceSchemaLocation="https://maven.apache.org/surefire/maven-surefire-plugin/xsd/surefire-test-report.xsd" version="3.0.2" name="com.example.runner.CucumberTestRunner" time="18.95" tests="2" errors="0" skipped="0" failures="1">
  <properties>
[...]
</properties>
  <testcase name="runScenario[&quot;Submit contact form with valid data&quot;, &quot;Contact US form submission&quot;](1)" classname="com.example.runner.CucumberTestRunner" time="8.132">
    <failure message="Element &lt;div id=&quot;w-dropdown-toggle-7&quot; class=&quot;fs-select_toggle-5 w-dropdown-toggle&quot;&gt; is not clickable at point (721,920) because another element &lt;div class=&quot;termly-styles-root-b0aebb termly-styles-termly-banner-e1ed59 termly-styles-standard-b726f8 termly-styles-bottom-d26761 t-consentPrompt&quot;&gt; obscures it&#10;Build info: version: &apos;4.30.0&apos;, revision: &apos;509c7f17cc*&apos;&#10;System info: os.name: &apos;Windows 10&apos;, os.arch: &apos;amd64&apos;, os.version: &apos;10.0&apos;, java.version: &apos;21.0.7&apos;&#10;Driver info: org.openqa.selenium.firefox.FirefoxDriver&#10;Command: [4c9ed2de-1e79-4a95-b073-736496b50e4f, clickElement {id=188e1b74-1936-49e7-93ad-bf0d65c52961}]&#10;Capabilities {acceptInsecureCerts: true, browserName: firefox, browserVersion: 139.0.1, moz:accessibilityChecks: false, moz:buildID: 20250529122813, moz:geckodriverVersion: 0.36.0, moz:headless: false, moz:platformVersion: 10.0, moz:processID: 6648, moz:profile: C:\Users\jacks\AppData\Loca..., moz:shutdownTimeout: 60000, moz:webdriverClick: true, moz:windowless: false, pageLoadStrategy: normal, platformName: windows, proxy: Proxy(), setWindowRect: true, strictFileInteractability: false, timeouts: {implicit: 0, pageLoad: 300000, script: 30000}, unhandledPromptBehavior: dismiss and notify, userAgent: Mozilla/5.0 (Windows NT 10....}&#10;Element: [[FirefoxDriver: firefox on windows (4c9ed2de-1e79-4a95-b073-736496b50e4f)] -&gt; id: w-dropdown-toggle-7]&#10;Session ID: 4c9ed2de-1e79-4a95-b073-736496b50e4f" type="org.openqa.selenium.ElementClickInterceptedException"><![CDATA[org.openqa.selenium.ElementClickInterceptedException: 
Element <div id="w-dropdown-toggle-7" class="fs-select_toggle-5 w-dropdown-toggle"> is not clickable at point (721,920) because another element <div class="termly-styles-root-b0aebb termly-styles-termly-banner-e1ed59 termly-styles-standard-b726f8 termly-styles-bottom-d26761 t-consentPrompt"> obscures it
Build info: version: '4.30.0', revision: '509c7f17cc*'
System info: os.name: 'Windows 10', os.arch: 'amd64', os.version: '10.0', java.version: '21.0.7'
Driver info: org.openqa.selenium.firefox.FirefoxDriver
Command: [4c9ed2de-1e79-4a95-b073-736496b50e4f, clickElement {id=188e1b74-1936-49e7-93ad-bf0d65c52961}]
Capabilities {acceptInsecureCerts: true, browserName: firefox, browserVersion: 139.0.1, moz:accessibilityChecks: false, moz:buildID: 20250529122813, moz:geckodriverVersion: 0.36.0, moz:headless: false, moz:platformVersion: 10.0, moz:processID: 6648, moz:profile: C:\Users\jacks\AppData\Loca..., moz:shutdownTimeout: 60000, moz:webdriverClick: true, moz:windowless: false, pageLoadStrategy: normal, platformName: windows, proxy: Proxy(), setWindowRect: true, strictFileInteractability: false, timeouts: {implicit: 0, pageLoad: 300000, script: 30000}, unhandledPromptBehavior: dismiss and notify, userAgent: Mozilla/5.0 (Windows NT 10....}
Element: [[FirefoxDriver: firefox on windows (4c9ed2de-1e79-4a95-b073-736496b50e4f)] -> id: w-dropdown-toggle-7]
Session ID: 4c9ed2de-1e79-4a95-b073-736496b50e4f
	at java.base/jdk.internal.reflect.DirectConstructorHandleAccessor.newInstance(DirectConstructorHandleAccessor.java:62)
	at java.base/java.lang.reflect.Constructor.newInstanceWithCaller(Constructor.java:502)
	at java.base/java.lang.reflect.Constructor.newInstance(Constructor.java:486)
	at org.openqa.selenium.remote.ErrorCodec.decode(ErrorCodec.java:167)
	at org.openqa.selenium.remote.codec.w3c.W3CHttpResponseCodec.decode(W3CHttpResponseCodec.java:138)
	at org.openqa.selenium.remote.codec.w3c.W3CHttpResponseCodec.decode(W3CHttpResponseCodec.java:50)
	at org.openqa.selenium.remote.HttpCommandExecutor.execute(HttpCommandExecutor.java:215)
	at org.openqa.selenium.remote.service.DriverCommandExecutor.invokeExecute(DriverCommandExecutor.java:216)
	at org.openqa.selenium.remote.service.DriverCommandExecutor.execute(DriverCommandExecutor.java:174)
	at org.openqa.selenium.remote.RemoteWebDriver.execute(RemoteWebDriver.java:545)
	at org.openqa.selenium.remote.RemoteWebElement.execute(RemoteWebElement.java:223)
	at org.openqa.selenium.remote.RemoteWebElement.click(RemoteWebElement.java:76)
	at com.example.pages.ContactPage.selectTradingVolumeOneToTenMilLion(ContactPage.java:69)
	at com.example.steps.ContactFormSteps.selectVolume(ContactFormSteps.java:72)
	at ✽.the user selects "$1m-$10m" from the trading volume dropdown(file:///C:/Users/jacks/NewAutomatedTestsB2C2/src/test/resources/features/contact_form.feature:12)
]]></failure>
    <system-out><![CDATA[
Scenario Outline: Submit contact form with valid data              # src/test/resources/features/contact_form.feature:19
  Given the user opens the Contact Us page                         # com.example.steps.ContactFormSteps.openContactPage()
  And the user accept cookies if present                           # com.example.steps.ContactFormSteps.acceptCookiesIfPresent()
  When the user selects "Onboarding" from the team dropdown        # com.example.steps.ContactFormSteps.selectTeam(java.lang.String)
  And the user enters name "John Smith"                            # com.example.steps.ContactFormSteps.enterName(java.lang.String)
  And the user enters email "john@example.com"                     # com.example.steps.ContactFormSteps.enterEmail(java.lang.String)
  And the user selects "Exchange" from the organization dropdown   # com.example.steps.ContactFormSteps.selectOrganization(java.lang.String)
  And the user enters company name "Acme Corp"                     # com.example.steps.ContactFormSteps.enterCompany(java.lang.String)
  And the user enters position "Manager"                           # com.example.steps.ContactFormSteps.enterPosition(java.lang.String)
  And the user selects "$1m-$10m" from the trading volume dropdown # com.example.steps.ContactFormSteps.selectVolume(java.lang.String)
      org.openqa.selenium.ElementClickInterceptedException: Element <div id="w-dropdown-toggle-7" class="fs-select_toggle-5 w-dropdown-toggle"> is not clickable at point (721,920) because another element <div class="termly-styles-root-b0aebb termly-styles-termly-banner-e1ed59 termly-styles-standard-b726f8 termly-styles-bottom-d26761 t-consentPrompt"> obscures it
Build info: version: '4.30.0', revision: '509c7f17cc*'
System info: os.name: 'Windows 10', os.arch: 'amd64', os.version: '10.0', java.version: '21.0.7'
Driver info: org.openqa.selenium.firefox.FirefoxDriver
Command: [4c9ed2de-1e79-4a95-b073-736496b50e4f, clickElement {id=188e1b74-1936-49e7-93ad-bf0d65c52961}]
Capabilities {acceptInsecureCerts: true, browserName: firefox, browserVersion: 139.0.1, moz:accessibilityChecks: false, moz:buildID: 20250529122813, moz:geckodriverVersion: 0.36.0, moz:headless: false, moz:platformVersion: 10.0, moz:processID: 6648, moz:profile: C:\Users\jacks\AppData\Loca..., moz:shutdownTimeout: 60000, moz:webdriverClick: true, moz:windowless: false, pageLoadStrategy: normal, platformName: windows, proxy: Proxy(), setWindowRect: true, strictFileInteractability: false, timeouts: {implicit: 0, pageLoad: 300000, script: 30000}, unhandledPromptBehavior: dismiss and notify, userAgent: Mozilla/5.0 (Windows NT 10....}
Element: [[FirefoxDriver: firefox on windows (4c9ed2de-1e79-4a95-b073-736496b50e4f)] -> id: w-dropdown-toggle-7]
Session ID: 4c9ed2de-1e79-4a95-b073-736496b50e4f
	at java.base/jdk.internal.reflect.DirectConstructorHandleAccessor.newInstance(DirectConstructorHandleAccessor.java:62)
	at java.base/java.lang.reflect.Constructor.newInstanceWithCaller(Constructor.java:502)
	at java.base/java.lang.reflect.Constructor.newInstance(Constructor.java:486)
	at org.openqa.selenium.remote.ErrorCodec.decode(ErrorCodec.java:167)
	at org.openqa.selenium.remote.codec.w3c.W3CHttpResponseCodec.decode(W3CHttpResponseCodec.java:138)
	at org.openqa.selenium.remote.codec.w3c.W3CHttpResponseCodec.decode(W3CHttpResponseCodec.java:50)
	at org.openqa.selenium.remote.HttpCommandExecutor.execute(HttpCommandExecutor.java:215)
	at org.openqa.selenium.remote.service.DriverCommandExecutor.invokeExecute(DriverCommandExecutor.java:216)
	at org.openqa.selenium.remote.service.DriverCommandExecutor.execute(DriverCommandExecutor.java:174)
	at org.openqa.selenium.remote.RemoteWebDriver.execute(RemoteWebDriver.java:545)
	at org.openqa.selenium.remote.RemoteWebElement.execute(RemoteWebElement.java:223)
	at org.openqa.selenium.remote.RemoteWebElement.click(RemoteWebElement.java:76)
	at com.example.pages.ContactPage.selectTradingVolumeOneToTenMilLion(ContactPage.java:69)
	at com.example.steps.ContactFormSteps.selectVolume(ContactFormSteps.java:72)
	at ✽.the user selects "$1m-$10m" from the trading volume dropdown(file:///C:/Users/jacks/NewAutomatedTestsB2C2/src/test/resources/features/contact_form.feature:12)

  And the user enters message "Let's talk business"                # com.example.steps.ContactFormSteps.enterMessage(java.lang.String)
  And the user submits the form                                    # com.example.steps.ContactFormSteps.submitForm()
  Then the form should be submitted or blocked by captcha          # com.example.steps.ContactFormSteps.verifySubmissionOrCaptcha()
]]></system-out>
    <system-err><![CDATA[[main] INFO io.github.bonigarcia.wdm.WebDriverManager - Using geckodriver 0.36.0 (resolved driver for Firefox 139)
[main] INFO io.github.bonigarcia.wdm.WebDriverManager - Exporting webdriver.gecko.driver as C:\Users\jacks\.cache\selenium\geckodriver\win64\0.36.0\geckodriver.exe
[main] INFO com.example.steps.ContactFormSteps - 🌐 Opening Contact Us page
[main] INFO com.example.steps.ContactFormSteps - 🔘 Accepting cookies if present
[main] INFO com.example.steps.ContactFormSteps - 📂 Selecting team: Onboarding
[main] INFO com.example.steps.ContactFormSteps - ✏️ Entering name: John Smith
[main] INFO com.example.steps.ContactFormSteps - ✉️ Entering email: john@example.com
[main] INFO com.example.steps.ContactFormSteps - 🏢 Selecting organization type: Exchange
[main] INFO com.example.steps.ContactFormSteps - 🏭 Entering company: Acme Corp
[main] INFO com.example.steps.ContactFormSteps - 📌 Entering position: Manager
[main] INFO com.example.steps.ContactFormSteps - 💰 Selecting trading volume: $1m-$10m
]]></system-err>
  </testcase>
  <testcase name="runScenario[&quot;Submit contact form with valid data&quot;, &quot;Contact US form submission&quot;](2)" classname="com.example.runner.CucumberTestRunner" time="9.688">
    <system-out><![CDATA[
Scenario Outline: Submit contact form with valid data              # src/test/resources/features/contact_form.feature:20
  Given the user opens the Contact Us page                         # com.example.steps.ContactFormSteps.openContactPage()
  And the user accept cookies if present                           # com.example.steps.ContactFormSteps.acceptCookiesIfPresent()
  When the user selects "Onboarding" from the team dropdown        # com.example.steps.ContactFormSteps.selectTeam(java.lang.String)
  And the user enters name "Alice Novak"                           # com.example.steps.ContactFormSteps.enterName(java.lang.String)
  And the user enters email "alice@example.org"                    # com.example.steps.ContactFormSteps.enterEmail(java.lang.String)
  And the user selects "Exchange" from the organization dropdown   # com.example.steps.ContactFormSteps.selectOrganization(java.lang.String)
  And the user enters company name "Beta Ltd"                      # com.example.steps.ContactFormSteps.enterCompany(java.lang.String)
  And the user enters position "Developer"                         # com.example.steps.ContactFormSteps.enterPosition(java.lang.String)
  And the user selects "$1m-$10m" from the trading volume dropdown # com.example.steps.ContactFormSteps.selectVolume(java.lang.String)
  And the user enters message "Interested in B2C2"                 # com.example.steps.ContactFormSteps.enterMessage(java.lang.String)
  And the user submits the form                                    # com.example.steps.ContactFormSteps.submitForm()
  Then the form should be submitted or blocked by captcha          # com.example.steps.ContactFormSteps.verifySubmissionOrCaptcha()
]]></system-out>
    <system-err><![CDATA[[main] INFO io.github.bonigarcia.wdm.WebDriverManager - Using geckodriver 0.36.0 (resolved driver for Firefox 139)
[main] INFO io.github.bonigarcia.wdm.WebDriverManager - Exporting webdriver.gecko.driver as C:\Users\jacks\.cache\selenium\geckodriver\win64\0.36.0\geckodriver.exe
[main] INFO com.example.steps.ContactFormSteps - 🌐 Opening Contact Us page
[main] INFO com.example.steps.ContactFormSteps - 🔘 Accepting cookies if present
[main] INFO com.example.steps.ContactFormSteps - 📂 Selecting team: Onboarding
[main] INFO com.example.steps.ContactFormSteps - ✏️ Entering name: Alice Novak
[main] INFO com.example.steps.ContactFormSteps - ✉️ Entering email: alice@example.org
[main] INFO com.example.steps.ContactFormSteps - 🏢 Selecting organization type: Exchange
[main] INFO com.example.steps.ContactFormSteps - 🏭 Entering company: Beta Ltd
[main] INFO com.example.steps.ContactFormSteps - 📌 Entering position: Developer
[main] INFO com.example.steps.ContactFormSteps - 💰 Selecting trading volume: $1m-$10m
[main] INFO com.example.steps.ContactFormSteps - 📝 Entering message: Interested in B2C2
[main] INFO com.example.steps.ContactFormSteps - 🚀 Submitting the form
[main] INFO com.example.steps.ContactFormSteps - 🔎 Final step reached. Submission likely complete or blocked by CAPTCHA.
]]></system-err>
  </testcase>
</testsuite>