<?xml version="1.0" encoding="UTF-8"?>
<!-- Generated by org.testng.reporters.JUnitReportReporter -->
<testsuite hostname="LAPTOP-CGNFVRLF" failures="0" tests="2" name="com.example.tests.ContactPageTests" time="20.296" errors="0" timestamp="2025-06-09T11:28:55 CEST" skipped="0">
  <testcase classname="com.example.tests.ContactPageTests" name="testContactForm" time="10.300"/>
  <testcase classname="com.example.tests.ContactPageTests" name="testContactForm" time="9.996"/>
</testsuite> <!-- com.example.tests.ContactPageTests -->
