<?xml version="1.0" encoding="UTF-8"?>
<!-- Generated by org.testng.reporters.JUnitReportReporter -->
<testsuite hostname="LAPTOP-CGNFVRLF" failures="0" tests="2" name="com.example.runner.CucumberTestRunner" time="21.525" errors="0" timestamp="2025-06-09T11:28:55 CEST" skipped="0">
  <testcase classname="com.example.runner.CucumberTestRunner" name="runScenario" time="10.623"/>
  <testcase classname="com.example.runner.CucumberTestRunner" name="runScenario" time="10.902"/>
</testsuite> <!-- com.example.runner.CucumberTestRunner -->
